2018-09-21T19:10:54-0700 <info> log.js:57 (Object.exports.info) Server booting up... Listening on 4444
2018-09-21T19:10:54-0700 <warn> log.js:59 (Object.exports.warn) { Error: listen EACCES 0.0.0.0:4444
    at Object._errnoException (util.js:992:11)
    at _exceptionWithHostPort (util.js:1014:20)
    at Server.setupListenHandle [as _listen2] (net.js:1338:19)
    at listenInCluster (net.js:1396:12)
    at doListen (net.js:1505:7)
    at _combinedTickCallback (internal/process/next_tick.js:141:11)
    at process._tickDomainCallback (internal/process/next_tick.js:218:9)
    at Function.Module.runMain (module.js:695:11)
    at startup (bootstrap_node.js:191:16)
    at bootstrap_node.js:612:3
  code: 'EACCES',
  errno: 'EACCES',
  syscall: 'listen',
  address: '0.0.0.0',
  port: 4444,
  domainEmitter: 
   Server {
     domain: 
      Domain {
        domain: null,
        _events: [Object],
        _eventsCount: 1,
        _maxListeners: undefined,
        members: [] },
     _events: 
      { request: [Function],
        connection: [Function: connectionListener],
        clientError: [Function],
        close: [Function] },
     _eventsCount: 4,
     _maxListeners: undefined,
     _connections: 0,
     _handle: null,
     _usingSlaves: false,
     _slaves: [],
     _unref: false,
     allowHalfOpen: true,
     pauseOnConnect: false,
     httpAllowHalfOpen: true,
     timeout: 120000,
     keepAliveTimeout: 5000,
     _pendingResponseData: 0,
     maxHeadersCount: null,
     [Symbol(asyncId)]: -1 },
  domain: 
   Domain {
     domain: null,
     _events: { error: [Function] },
     _eventsCount: 1,
     _maxListeners: undefined,
     members: [] },
  domainThrown: false }
2018-09-21T19:10:54-0700 <warn> log.js:59 (Object.exports.warn) Error: listen EACCES 0.0.0.0:4444
    at Object._errnoException (util.js:992:11)
    at _exceptionWithHostPort (util.js:1014:20)
    at Server.setupListenHandle [as _listen2] (net.js:1338:19)
    at listenInCluster (net.js:1396:12)
    at doListen (net.js:1505:7)
    at _combinedTickCallback (internal/process/next_tick.js:141:11)
    at process._tickDomainCallback (internal/process/next_tick.js:218:9)
    at Function.Module.runMain (module.js:695:11)
    at startup (bootstrap_node.js:191:16)
    at bootstrap_node.js:612:3
